2022-12-26 16:01:43,431 [main] INFO  com.solvd.university.classes.Main - 
University details

2022-12-26 16:01:43,560 [main] INFO  com.solvd.university.methods.ShowList - Name of university: Universidad de Oriente |  Address : Monagas, Venezuela
Motto: From people we come, to people us go |  Rector Full Name: Milena Bravo de Romero

2022-12-26 16:01:43,583 [main] INFO  com.solvd.university.classes.Main - Students details

2022-12-26 16:01:43,966 [main] INFO  com.solvd.university.methods.ShowList - Full Name= Andres Limpio | Age= 29 | Phone Number= 1234567890 - {Student ID= 6682 Grade= A GPA= 4.7}
[Id Subject= 189762  Subject Name= Math IV]
[Id Proffesor= 86823  Full Name= Josh Pecker]
Name of building= Module 1
Number floor's = Floor 2

2022-12-26 16:01:43,967 [main] INFO  com.solvd.university.methods.ShowList - Full Name= Jess Thame | Age= 19 | Phone Number= 433457890 - {Student ID= 9711 Grade= A+ GPA= 4.9}
[Id Subject= 198756  Subject Name= Data Abstraction]
[Id Proffesor= 3465  Full Name= Jhon Smith]
Name of building= Module 2
Number floor's = Floor 3

2022-12-26 16:01:43,967 [main] INFO  com.solvd.university.methods.ShowList - Full Name= Tim Thyf | Age= 22 | Phone Number= 133453890 - {Student ID= 39740 Grade= B GPA= 3.9}
[Id Subject= 198756  Subject Name= Data Abstraction]
[Id Proffesor= 7864  Full Name= Elizabeth Rios]
Name of building= Module 1
Number floor's = Floor 1

2022-12-26 16:01:43,968 [main] INFO  com.solvd.university.classes.Main - Students status
2022-12-26 16:01:43,969 [main] INFO  com.solvd.university.classes.Main - Student full name= Andres Limpio
2022-12-26 16:01:43,970 [main] INFO  com.solvd.university.classes.Student - This student achieved the 'Magna Cum Laude' recognition 
2022-12-26 16:01:43,976 [main] INFO  com.solvd.university.classes.Main - Student full name= Jess Thame
2022-12-26 16:01:43,976 [main] INFO  com.solvd.university.classes.Student - This student achieved the 'Summa Cum Laude' recognition 
2022-12-26 16:01:43,977 [main] INFO  com.solvd.university.classes.Main - Student full name= Tim Thyf
2022-12-26 16:01:43,978 [main] INFO  com.solvd.university.classes.Student - Enabled to attend classes 
2022-12-26 16:01:43,978 [main] INFO  com.solvd.university.classes.Main - 

2022-12-26 16:01:43,982 [main] INFO  com.solvd.university.classes.Main - Transport details

2022-12-26 16:01:44,002 [main] INFO  com.solvd.university.methods.ShowList - [Model bus= Mercedes Citaro 2020 | Capacity Seats= 30 | Quantity Of Passengers= 19]

2022-12-26 16:01:44,002 [main] INFO  com.solvd.university.methods.ShowList - [Model bus= Mercedes Citaro E 2022 | Capacity Seats= 60 | Quantity Of Passengers= 60]

2022-12-26 16:01:44,002 [main] INFO  com.solvd.university.methods.ShowList - [Model bus= Volvo 9800 2023 | Capacity Seats= 56 | Quantity Of Passengers= 39]

2022-12-26 16:01:44,003 [main] INFO  com.solvd.university.methods.ShowList - [Model bus= Encava ENT610 2019 | Capacity Seats= 56 | Quantity Of Passengers= 33]

2022-12-26 16:01:44,013 [main] INFO  com.solvd.university.classes.Main - Passengers per buses= 19
2022-12-26 16:01:44,013 [main] INFO  com.solvd.university.classes.Main - Passengers per buses= 60
2022-12-26 16:01:44,014 [main] INFO  com.solvd.university.classes.Main - Passengers per buses= 39
2022-12-26 16:01:44,014 [main] INFO  com.solvd.university.classes.Main - Passengers per buses= 33
2022-12-26 16:01:44,016 [main] INFO  com.solvd.university.classes.Main - 

2022-12-26 16:01:44,019 [main] INFO  com.solvd.university.classes.Main - Teams names and sport= Bulls | Soccer
2022-12-26 16:01:44,020 [main] INFO  com.solvd.university.classes.Main - Teams names and sport= Tigers | Basketball
2022-12-26 16:01:44,026 [main] INFO  com.solvd.university.classes.Main - Teams names and sport= Parrots | Baseball
2022-12-26 16:01:44,026 [main] INFO  com.solvd.university.classes.Main - Teams names and sport= Cats | Soccer
2022-12-26 16:01:44,026 [main] INFO  com.solvd.university.classes.Main - Teams names and sport= Builders | Baseball
2022-12-26 16:01:44,026 [main] INFO  com.solvd.university.classes.Main - 

2022-12-26 16:01:44,036 [main] INFO  com.solvd.university.classes.Main - 2

2022-12-26 16:01:44,043 [main] INFO  com.solvd.university.classes.Main - Name of schools: 
2022-12-26 16:01:44,045 [main] INFO  com.solvd.university.classes.Main - The name of schools are: Engineering
2022-12-26 16:01:44,045 [main] INFO  com.solvd.university.classes.Main - The name of schools are: Science Applied
2022-12-26 16:01:44,046 [main] INFO  com.solvd.university.classes.Main - The name of schools are: Administrative
2022-12-26 16:01:44,046 [main] INFO  com.solvd.university.classes.Main - The name of schools are: Engineering
2022-12-26 16:01:44,046 [main] INFO  com.solvd.university.classes.Main - 

2022-12-26 16:01:44,050 [main] INFO  com.solvd.university.classes.Main - 5000.0
2022-12-26 16:01:44,051 [main] INFO  com.solvd.university.classes.Main - 10000.0
2022-12-26 16:01:44,051 [main] INFO  com.solvd.university.classes.Main - 1500.0
2022-12-26 16:01:44,058 [main] INFO  com.solvd.university.classes.Main - 
Teams of Soccer
2022-12-26 16:01:44,064 [main] INFO  com.solvd.university.classes.Main - Bulls
2022-12-26 16:01:44,064 [main] INFO  com.solvd.university.classes.Main - Cats
2022-12-26 16:01:44,067 [main] INFO  com.solvd.university.classes.Main - Student without gpa updated: 
2022-12-26 16:01:44,081 [main] INFO  com.solvd.university.classes.Main - Name: AndresGPA: 4.7
2022-12-26 16:01:44,082 [main] INFO  com.solvd.university.classes.Main - Name: JessGPA: 4.9
2022-12-26 16:01:44,082 [main] INFO  com.solvd.university.classes.Main - Name: TimGPA: 3.9
2022-12-26 16:01:44,084 [main] INFO  com.solvd.university.classes.Main - Student with gpa updated: 
2022-12-26 16:01:44,084 [main] INFO  com.solvd.university.classes.Main - Name: AndresGPA: 4.7939997
2022-12-26 16:01:44,085 [main] INFO  com.solvd.university.classes.Main - Name: JessGPA: 4.998
2022-12-26 16:01:44,085 [main] INFO  com.solvd.university.classes.Main - Name: TimGPA: 3.978
